[debug] [2018-11-07T17:10:21.123Z] ----------------------------------------------------------------------
[debug] [2018-11-07T17:10:21.125Z] Command:       /usr/local/Cellar/node/9.4.0/bin/node /usr/local/bin/firebase deploy
[debug] [2018-11-07T17:10:21.126Z] CLI Version:   6.0.0
[debug] [2018-11-07T17:10:21.126Z] Platform:      darwin
[debug] [2018-11-07T17:10:21.126Z] Node Version:  v9.4.0
[debug] [2018-11-07T17:10:21.126Z] Time:          Wed Nov 07 2018 22:40:21 GMT+0530 (IST)
[debug] [2018-11-07T17:10:21.126Z] ----------------------------------------------------------------------
[debug] 
[debug] [2018-11-07T17:10:21.137Z] > command requires scopes: ["email","openid","https://www.googleapis.com/auth/cloudplatformprojects.readonly","https://www.googleapis.com/auth/firebase","https://www.googleapis.com/auth/cloud-platform"]
[debug] [2018-11-07T17:10:21.137Z] > authorizing via signed-in user
[debug] [2018-11-07T17:10:21.137Z] [iam] checking project portfolio-3c4b0 for permissions ["firebase.projects.get","firebasehosting.sites.update"]
[debug] [2018-11-07T17:10:21.139Z] >>> HTTP REQUEST POST https://cloudresourcemanager.googleapis.com/v1/projects/portfolio-3c4b0:testIamPermissions  

[debug] [2018-11-07T17:10:23.173Z] <<< HTTP RESPONSE 200
[debug] [2018-11-07T17:10:23.175Z] >>> HTTP REQUEST GET https://firebase.googleapis.com/v1beta1/projects/portfolio-3c4b0  
 
[debug] [2018-11-07T17:10:23.984Z] <<< HTTP RESPONSE 200
[info] 
[info] === Deploying to 'portfolio-3c4b0'...
[info] 
[info] i  deploying hosting
[debug] [2018-11-07T17:10:23.992Z] >>> HTTP REQUEST POST https://firebasehosting.googleapis.com/v1beta1/sites/portfolio-3c4b0/versions  

